TN:
SF:src/castArray.js
FN:33,castArray
FNF:1
FNH:1
FNDA:8,castArray
DA:34,8
DA:35,8
LF:2
LH:2
BRDA:35,0,0,2
BRDA:35,0,1,6
BRF:2
BRH:2
end_of_record
TN:
SF:src/clamp.js
FN:18,clamp
FNF:1
FNH:1
FNDA:11,clamp
DA:19,11
DA:20,11
DA:21,11
DA:22,11
DA:23,11
DA:24,11
DA:25,10
DA:26,10
DA:28,11
LF:9
LH:9
BRDA:22,0,0,9
BRDA:22,0,1,2
BRDA:23,1,0,9
BRDA:23,1,1,2
BRDA:24,2,0,10
BRDA:24,2,1,1
BRDA:25,3,0,7
BRDA:25,3,1,3
BRDA:26,4,0,2
BRDA:26,4,1,8
BRF:10
BRH:10
end_of_record
TN:
SF:src/filter.js
FN:24,filter
FNF:1
FNH:1
FNDA:10,filter
DA:25,10
DA:26,10
DA:27,10
DA:28,10
DA:30,10
DA:31,34
DA:32,34
DA:33,23
DA:36,10
LF:9
LH:9
BRDA:27,0,0,2
BRDA:27,0,1,8
BRDA:32,1,0,23
BRDA:32,1,1,11
BRF:4
BRH:4
end_of_record
TN:
SF:src/get.js
FN:27,get
FNF:1
FNH:1
FNDA:10,get
DA:28,10
DA:29,10
LF:2
LH:2
BRDA:28,0,0,4
BRDA:28,0,1,6
BRDA:29,1,0,7
BRDA:29,1,1,3
BRF:4
BRH:4
end_of_record
TN:
SF:src/reduce.js
FN:38,reduce
FNF:1
FNH:1
FNDA:10,reduce
DA:39,10
DA:40,10
DA:41,10
LF:3
LH:3
BRDA:39,0,0,5
BRDA:39,0,1,5
BRF:2
BRH:2
end_of_record
TN:
SF:src/words.js
FN:10,asciiWords
FN:30,words
FNF:2
FNH:2
FNDA:4,asciiWords
FNDA:12,words
DA:3,1
DA:8,1
DA:11,4
DA:31,12
DA:32,8
DA:33,8
DA:35,4
LF:7
LH:7
BRDA:31,0,0,8
BRDA:31,0,1,4
BRDA:32,1,0,4
BRDA:32,1,1,4
BRDA:33,2,0,8
BRDA:33,2,1,3
BRDA:35,3,0,4
BRDA:35,3,1,1
BRF:8
BRH:8
end_of_record
