TN:
SF:src/filter.js
FN:24,filter
FNF:1
FNH:1
FNDA:10,filter
DA:25,10
DA:26,10
DA:27,10
DA:28,10
DA:30,10
DA:31,34
DA:32,34
DA:33,23
DA:36,10
LF:9
LH:9
BRDA:27,0,0,2
BRDA:27,0,1,8
BRDA:32,1,0,23
BRDA:32,1,1,11
BRF:4
BRH:4
end_of_record
TN:
SF:src/get.js
FN:27,get
FNF:1
FNH:1
FNDA:10,get
DA:28,10
DA:29,10
LF:2
LH:2
BRDA:28,0,0,4
BRDA:28,0,1,6
BRDA:29,1,0,7
BRDA:29,1,1,3
BRF:4
BRH:4
end_of_record
TN:
SF:src/reduce.js
FN:38,reduce
FNF:1
FNH:1
FNDA:10,reduce
DA:39,10
DA:40,10
DA:41,10
LF:3
LH:3
BRDA:39,0,0,5
BRDA:39,0,1,5
BRF:2
BRH:2
end_of_record
